The system is: Linux - 4.4.0-19041-Microsoft - x86_64
Compiling the C compiler identification source file "CMakeCCompilerId.c" succeeded.
Compiler: /root/StuntsMultiplayer/emsdk/upstream/emscripten/emcc 
Build flags: 
Id flags:  

The output was:
0


Compilation of the C compiler identification source "CMakeCCompilerId.c" produced "a.out.js"

Compilation of the C compiler identification source "CMakeCCompilerId.c" produced "a.out.wasm"

The C compiler identification is Clang, found in "/root/StuntsMultiplayer/desmume-wasm/desmume/wasm-port/CMakeFiles/3.13.4/CompilerIdC/a.out.wasm"

Compiling the CXX compiler identification source file "CMakeCXXCompilerId.cpp" succeeded.
Compiler: /root/StuntsMultiplayer/emsdk/upstream/emscripten/em++ 
Build flags: 
Id flags:  

The output was:
0


Compilation of the CXX compiler identification source "CMakeCXXCompilerId.cpp" produced "a.out.js"

Compilation of the CXX compiler identification source "CMakeCXXCompilerId.cpp" produced "a.out.wasm"

The CXX compiler identification is Clang, found in "/root/StuntsMultiplayer/desmume-wasm/desmume/wasm-port/CMakeFiles/3.13.4/CompilerIdCXX/a.out.wasm"

Determining if the C compiler works passed with the following output:
Change Dir: /root/StuntsMultiplayer/desmume-wasm/desmume/wasm-port/CMakeFiles/CMakeTmp

Run Build Command:"/usr/bin/make" "cmTC_738d0/fast"
/usr/bin/make -f CMakeFiles/cmTC_738d0.dir/build.make CMakeFiles/cmTC_738d0.dir/build
make[1]: Entering directory '/root/StuntsMultiplayer/desmume-wasm/desmume/wasm-port/CMakeFiles/CMakeTmp'
Building C object CMakeFiles/cmTC_738d0.dir/testCCompiler.c.o
/root/StuntsMultiplayer/emsdk/upstream/emscripten/emcc    -o CMakeFiles/cmTC_738d0.dir/testCCompiler.c.o   -c /root/StuntsMultiplayer/desmume-wasm/desmume/wasm-port/CMakeFiles/CMakeTmp/testCCompiler.c
Linking C executable cmTC_738d0
/usr/bin/cmake -E cmake_link_script CMakeFiles/cmTC_738d0.dir/link.txt --verbose=1
/root/StuntsMultiplayer/emsdk/upstream/emscripten/emcc      -rdynamic CMakeFiles/cmTC_738d0.dir/testCCompiler.c.o  -o cmTC_738d0 
make[1]: Leaving directory '/root/StuntsMultiplayer/desmume-wasm/desmume/wasm-port/CMakeFiles/CMakeTmp'


Detecting C compiler ABI info compiled with the following output:
Change Dir: /root/StuntsMultiplayer/desmume-wasm/desmume/wasm-port/CMakeFiles/CMakeTmp

Run Build Command:"/usr/bin/make" "cmTC_a3a59/fast"
/usr/bin/make -f CMakeFiles/cmTC_a3a59.dir/build.make CMakeFiles/cmTC_a3a59.dir/build
make[1]: Entering directory '/root/StuntsMultiplayer/desmume-wasm/desmume/wasm-port/CMakeFiles/CMakeTmp'
Building C object CMakeFiles/cmTC_a3a59.dir/CMakeCCompilerABI.c.o
/root/StuntsMultiplayer/emsdk/upstream/emscripten/emcc    -o CMakeFiles/cmTC_a3a59.dir/CMakeCCompilerABI.c.o   -c /usr/share/cmake-3.13/Modules/CMakeCCompilerABI.c
Linking C executable cmTC_a3a59
/usr/bin/cmake -E cmake_link_script CMakeFiles/cmTC_a3a59.dir/link.txt --verbose=1
/root/StuntsMultiplayer/emsdk/upstream/emscripten/emcc     -v -rdynamic CMakeFiles/cmTC_a3a59.dir/CMakeCCompilerABI.c.o  -o cmTC_a3a59 
 "/root/StuntsMultiplayer/emsdk/upstream/bin/wasm-ld" -o cmTC_a3a59.wasm CMakeFiles/cmTC_a3a59.dir/CMakeCCompilerABI.c.o -L/root/StuntsMultiplayer/emsdk/upstream/emscripten/cache/sysroot/lib/wasm32-emscripten -lGL -lal -lhtml5 -lstubs-debug -lnoexit -lc-debug -ldlmalloc -lcompiler_rt -lc++-noexcept -lc++abi-noexcept -lsockets -mllvm -combiner-global-alias-analysis=false -mllvm -enable-emscripten-sjlj -mllvm -disable-lsr --import-undefined --strip-debug --export-if-defined=main --export-if-defined=__start_em_asm --export-if-defined=__stop_em_asm --export-if-defined=__main_argc_argv --export-if-defined=fflush --export=emscripten_stack_get_end --export=emscripten_stack_get_free --export=emscripten_stack_get_base --export=emscripten_stack_init --export=stackSave --export=stackRestore --export=stackAlloc --export=__wasm_call_ctors --export=__errno_location --export-table -z stack-size=5242880 --initial-memory=16777216 --no-entry --max-memory=16777216 --global-base=1024
 "/root/StuntsMultiplayer/emsdk/upstream/bin/wasm-emscripten-finalize" --dyncalls-i64 cmTC_a3a59.wasm -o cmTC_a3a59.wasm --detect-features
 "/root/StuntsMultiplayer/emsdk/node/14.18.2_64bit/bin/node" /root/StuntsMultiplayer/emsdk/upstream/emscripten/src/compiler.js /tmp/tmp6nwebza5.json
 "/root/StuntsMultiplayer/emsdk/upstream/bin/llvm-objcopy" cmTC_a3a59.wasm cmTC_a3a59.wasm --remove-section=.debug* --remove-section=producers
make[1]: Leaving directory '/root/StuntsMultiplayer/desmume-wasm/desmume/wasm-port/CMakeFiles/CMakeTmp'


Parsed C implicit link information from above output:
  link line regex: [^( *|.*[/\])(ld|CMAKE_LINK_STARTFILE-NOTFOUND|([^/\]+-)?ld|collect2)[^/\]*( |$)]
  ignore line: [Change Dir: /root/StuntsMultiplayer/desmume-wasm/desmume/wasm-port/CMakeFiles/CMakeTmp]
  ignore line: []
  ignore line: [Run Build Command:"/usr/bin/make" "cmTC_a3a59/fast"]
  ignore line: [/usr/bin/make -f CMakeFiles/cmTC_a3a59.dir/build.make CMakeFiles/cmTC_a3a59.dir/build]
  ignore line: [make[1]: Entering directory '/root/StuntsMultiplayer/desmume-wasm/desmume/wasm-port/CMakeFiles/CMakeTmp']
  ignore line: [Building C object CMakeFiles/cmTC_a3a59.dir/CMakeCCompilerABI.c.o]
  ignore line: [/root/StuntsMultiplayer/emsdk/upstream/emscripten/emcc    -o CMakeFiles/cmTC_a3a59.dir/CMakeCCompilerABI.c.o   -c /usr/share/cmake-3.13/Modules/CMakeCCompilerABI.c]
  ignore line: [Linking C executable cmTC_a3a59]
  ignore line: [/usr/bin/cmake -E cmake_link_script CMakeFiles/cmTC_a3a59.dir/link.txt --verbose=1]
  ignore line: [/root/StuntsMultiplayer/emsdk/upstream/emscripten/emcc     -v -rdynamic CMakeFiles/cmTC_a3a59.dir/CMakeCCompilerABI.c.o  -o cmTC_a3a59 ]
  link line: [ "/root/StuntsMultiplayer/emsdk/upstream/bin/wasm-ld" -o cmTC_a3a59.wasm CMakeFiles/cmTC_a3a59.dir/CMakeCCompilerABI.c.o -L/root/StuntsMultiplayer/emsdk/upstream/emscripten/cache/sysroot/lib/wasm32-emscripten -lGL -lal -lhtml5 -lstubs-debug -lnoexit -lc-debug -ldlmalloc -lcompiler_rt -lc++-noexcept -lc++abi-noexcept -lsockets -mllvm -combiner-global-alias-analysis=false -mllvm -enable-emscripten-sjlj -mllvm -disable-lsr --import-undefined --strip-debug --export-if-defined=main --export-if-defined=__start_em_asm --export-if-defined=__stop_em_asm --export-if-defined=__main_argc_argv --export-if-defined=fflush --export=emscripten_stack_get_end --export=emscripten_stack_get_free --export=emscripten_stack_get_base --export=emscripten_stack_init --export=stackSave --export=stackRestore --export=stackAlloc --export=__wasm_call_ctors --export=__errno_location --export-table -z stack-size=5242880 --initial-memory=16777216 --no-entry --max-memory=16777216 --global-base=1024]
    arg [/root/StuntsMultiplayer/emsdk/upstream/bin/wasm-ld] ==> ignore
    arg [-o] ==> ignore
    arg [cmTC_a3a59.wasm] ==> ignore
    arg [CMakeFiles/cmTC_a3a59.dir/CMakeCCompilerABI.c.o] ==> ignore
    arg [-L/root/StuntsMultiplayer/emsdk/upstream/emscripten/cache/sysroot/lib/wasm32-emscripten] ==> dir [/root/StuntsMultiplayer/emsdk/upstream/emscripten/cache/sysroot/lib/wasm32-emscripten]
    arg [-lGL] ==> lib [GL]
    arg [-lal] ==> lib [al]
    arg [-lhtml5] ==> lib [html5]
    arg [-lstubs-debug] ==> lib [stubs-debug]
    arg [-lnoexit] ==> lib [noexit]
    arg [-lc-debug] ==> lib [c-debug]
    arg [-ldlmalloc] ==> lib [dlmalloc]
    arg [-lcompiler_rt] ==> lib [compiler_rt]
    arg [-lc++-noexcept] ==> lib [c++-noexcept]
    arg [-lc++abi-noexcept] ==> lib [c++abi-noexcept]
    arg [-lsockets] ==> lib [sockets]
    arg [-mllvm] ==> ignore
    arg [-combiner-global-alias-analysis=false] ==> ignore
    arg [-mllvm] ==> ignore
    arg [-enable-emscripten-sjlj] ==> ignore
    arg [-mllvm] ==> ignore
    arg [-disable-lsr] ==> ignore
    arg [--import-undefined] ==> ignore
    arg [--strip-debug] ==> ignore
    arg [--export-if-defined=main] ==> ignore
    arg [--export-if-defined=__start_em_asm] ==> ignore
    arg [--export-if-defined=__stop_em_asm] ==> ignore
    arg [--export-if-defined=__main_argc_argv] ==> ignore
    arg [--export-if-defined=fflush] ==> ignore
    arg [--export=emscripten_stack_get_end] ==> ignore
    arg [--export=emscripten_stack_get_free] ==> ignore
    arg [--export=emscripten_stack_get_base] ==> ignore
    arg [--export=emscripten_stack_init] ==> ignore
    arg [--export=stackSave] ==> ignore
    arg [--export=stackRestore] ==> ignore
    arg [--export=stackAlloc] ==> ignore
    arg [--export=__wasm_call_ctors] ==> ignore
    arg [--export=__errno_location] ==> ignore
    arg [--export-table] ==> ignore
    arg [-zstack-size=5242880] ==> ignore
    arg [--initial-memory=16777216] ==> ignore
    arg [--no-entry] ==> ignore
    arg [--max-memory=16777216] ==> ignore
    arg [--global-base=1024] ==> ignore
  collapse library dir [/root/StuntsMultiplayer/emsdk/upstream/emscripten/cache/sysroot/lib/wasm32-emscripten] ==> [/root/StuntsMultiplayer/emsdk/upstream/emscripten/cache/sysroot/lib/wasm32-emscripten]
  implicit libs: [GL;al;html5;stubs-debug;noexit;c-debug;dlmalloc;compiler_rt;c++-noexcept;c++abi-noexcept;sockets]
  implicit dirs: [/root/StuntsMultiplayer/emsdk/upstream/emscripten/cache/sysroot/lib/wasm32-emscripten]
  implicit fwks: []




Detecting C [-std=c11] compiler features compiled with the following output:
Change Dir: /root/StuntsMultiplayer/desmume-wasm/desmume/wasm-port/CMakeFiles/CMakeTmp

Run Build Command:"/usr/bin/make" "cmTC_38446/fast"
/usr/bin/make -f CMakeFiles/cmTC_38446.dir/build.make CMakeFiles/cmTC_38446.dir/build
make[1]: Entering directory '/root/StuntsMultiplayer/desmume-wasm/desmume/wasm-port/CMakeFiles/CMakeTmp'
Building C object CMakeFiles/cmTC_38446.dir/feature_tests.c.o
/root/StuntsMultiplayer/emsdk/upstream/emscripten/emcc   -std=c11 -o CMakeFiles/cmTC_38446.dir/feature_tests.c.o   -c /root/StuntsMultiplayer/desmume-wasm/desmume/wasm-port/CMakeFiles/feature_tests.c
Linking C executable cmTC_38446
/usr/bin/cmake -E cmake_link_script CMakeFiles/cmTC_38446.dir/link.txt --verbose=1
/root/StuntsMultiplayer/emsdk/upstream/emscripten/emcc      -rdynamic CMakeFiles/cmTC_38446.dir/feature_tests.c.o  -o cmTC_38446 
make[1]: Leaving directory '/root/StuntsMultiplayer/desmume-wasm/desmume/wasm-port/CMakeFiles/CMakeTmp'




Detecting C [-std=c99] compiler features compiled with the following output:
Change Dir: /root/StuntsMultiplayer/desmume-wasm/desmume/wasm-port/CMakeFiles/CMakeTmp

Run Build Command:"/usr/bin/make" "cmTC_38205/fast"
/usr/bin/make -f CMakeFiles/cmTC_38205.dir/build.make CMakeFiles/cmTC_38205.dir/build
make[1]: Entering directory '/root/StuntsMultiplayer/desmume-wasm/desmume/wasm-port/CMakeFiles/CMakeTmp'
Building C object CMakeFiles/cmTC_38205.dir/feature_tests.c.o
/root/StuntsMultiplayer/emsdk/upstream/emscripten/emcc   -std=c99 -o CMakeFiles/cmTC_38205.dir/feature_tests.c.o   -c /root/StuntsMultiplayer/desmume-wasm/desmume/wasm-port/CMakeFiles/feature_tests.c
Linking C executable cmTC_38205
/usr/bin/cmake -E cmake_link_script CMakeFiles/cmTC_38205.dir/link.txt --verbose=1
/root/StuntsMultiplayer/emsdk/upstream/emscripten/emcc      -rdynamic CMakeFiles/cmTC_38205.dir/feature_tests.c.o  -o cmTC_38205 
make[1]: Leaving directory '/root/StuntsMultiplayer/desmume-wasm/desmume/wasm-port/CMakeFiles/CMakeTmp'




Detecting C [-std=c90] compiler features compiled with the following output:
Change Dir: /root/StuntsMultiplayer/desmume-wasm/desmume/wasm-port/CMakeFiles/CMakeTmp

Run Build Command:"/usr/bin/make" "cmTC_acf85/fast"
/usr/bin/make -f CMakeFiles/cmTC_acf85.dir/build.make CMakeFiles/cmTC_acf85.dir/build
make[1]: Entering directory '/root/StuntsMultiplayer/desmume-wasm/desmume/wasm-port/CMakeFiles/CMakeTmp'
Building C object CMakeFiles/cmTC_acf85.dir/feature_tests.c.o
/root/StuntsMultiplayer/emsdk/upstream/emscripten/emcc   -std=c90 -o CMakeFiles/cmTC_acf85.dir/feature_tests.c.o   -c /root/StuntsMultiplayer/desmume-wasm/desmume/wasm-port/CMakeFiles/feature_tests.c
Linking C executable cmTC_acf85
/usr/bin/cmake -E cmake_link_script CMakeFiles/cmTC_acf85.dir/link.txt --verbose=1
/root/StuntsMultiplayer/emsdk/upstream/emscripten/emcc      -rdynamic CMakeFiles/cmTC_acf85.dir/feature_tests.c.o  -o cmTC_acf85 
make[1]: Leaving directory '/root/StuntsMultiplayer/desmume-wasm/desmume/wasm-port/CMakeFiles/CMakeTmp'


Determining if the CXX compiler works passed with the following output:
Change Dir: /root/StuntsMultiplayer/desmume-wasm/desmume/wasm-port/CMakeFiles/CMakeTmp

Run Build Command:"/usr/bin/make" "cmTC_23517/fast"
/usr/bin/make -f CMakeFiles/cmTC_23517.dir/build.make CMakeFiles/cmTC_23517.dir/build
make[1]: Entering directory '/root/StuntsMultiplayer/desmume-wasm/desmume/wasm-port/CMakeFiles/CMakeTmp'
Building CXX object CMakeFiles/cmTC_23517.dir/testCXXCompiler.cxx.o
/root/StuntsMultiplayer/emsdk/upstream/emscripten/em++     -o CMakeFiles/cmTC_23517.dir/testCXXCompiler.cxx.o -c /root/StuntsMultiplayer/desmume-wasm/desmume/wasm-port/CMakeFiles/CMakeTmp/testCXXCompiler.cxx
Linking CXX executable cmTC_23517
/usr/bin/cmake -E cmake_link_script CMakeFiles/cmTC_23517.dir/link.txt --verbose=1
/root/StuntsMultiplayer/emsdk/upstream/emscripten/em++       -rdynamic CMakeFiles/cmTC_23517.dir/testCXXCompiler.cxx.o  -o cmTC_23517 
make[1]: Leaving directory '/root/StuntsMultiplayer/desmume-wasm/desmume/wasm-port/CMakeFiles/CMakeTmp'


Detecting CXX compiler ABI info compiled with the following output:
Change Dir: /root/StuntsMultiplayer/desmume-wasm/desmume/wasm-port/CMakeFiles/CMakeTmp

Run Build Command:"/usr/bin/make" "cmTC_f4348/fast"
/usr/bin/make -f CMakeFiles/cmTC_f4348.dir/build.make CMakeFiles/cmTC_f4348.dir/build
make[1]: Entering directory '/root/StuntsMultiplayer/desmume-wasm/desmume/wasm-port/CMakeFiles/CMakeTmp'
Building CXX object CMakeFiles/cmTC_f4348.dir/CMakeCXXCompilerABI.cpp.o
/root/StuntsMultiplayer/emsdk/upstream/emscripten/em++     -o CMakeFiles/cmTC_f4348.dir/CMakeCXXCompilerABI.cpp.o -c /usr/share/cmake-3.13/Modules/CMakeCXXCompilerABI.cpp
Linking CXX executable cmTC_f4348
/usr/bin/cmake -E cmake_link_script CMakeFiles/cmTC_f4348.dir/link.txt --verbose=1
/root/StuntsMultiplayer/emsdk/upstream/emscripten/em++      -v -rdynamic CMakeFiles/cmTC_f4348.dir/CMakeCXXCompilerABI.cpp.o  -o cmTC_f4348 
 "/root/StuntsMultiplayer/emsdk/upstream/bin/wasm-ld" -o cmTC_f4348.wasm CMakeFiles/cmTC_f4348.dir/CMakeCXXCompilerABI.cpp.o -L/root/StuntsMultiplayer/emsdk/upstream/emscripten/cache/sysroot/lib/wasm32-emscripten -lGL -lal -lhtml5 -lstubs-debug -lnoexit -lc-debug -ldlmalloc -lcompiler_rt -lc++-noexcept -lc++abi-noexcept -lsockets -mllvm -combiner-global-alias-analysis=false -mllvm -enable-emscripten-sjlj -mllvm -disable-lsr --import-undefined --strip-debug --export-if-defined=main --export-if-defined=__start_em_asm --export-if-defined=__stop_em_asm --export-if-defined=__main_argc_argv --export-if-defined=fflush --export=emscripten_stack_get_end --export=emscripten_stack_get_free --export=emscripten_stack_get_base --export=emscripten_stack_init --export=stackSave --export=stackRestore --export=stackAlloc --export=__wasm_call_ctors --export=__errno_location --export-table -z stack-size=5242880 --initial-memory=16777216 --no-entry --max-memory=16777216 --global-base=1024
 "/root/StuntsMultiplayer/emsdk/upstream/bin/wasm-emscripten-finalize" --dyncalls-i64 cmTC_f4348.wasm -o cmTC_f4348.wasm --detect-features
 "/root/StuntsMultiplayer/emsdk/node/14.18.2_64bit/bin/node" /root/StuntsMultiplayer/emsdk/upstream/emscripten/src/compiler.js /tmp/tmpsjpash1q.json
 "/root/StuntsMultiplayer/emsdk/upstream/bin/llvm-objcopy" cmTC_f4348.wasm cmTC_f4348.wasm --remove-section=.debug* --remove-section=producers
make[1]: Leaving directory '/root/StuntsMultiplayer/desmume-wasm/desmume/wasm-port/CMakeFiles/CMakeTmp'


Parsed CXX implicit link information from above output:
  link line regex: [^( *|.*[/\])(ld|CMAKE_LINK_STARTFILE-NOTFOUND|([^/\]+-)?ld|collect2)[^/\]*( |$)]
  ignore line: [Change Dir: /root/StuntsMultiplayer/desmume-wasm/desmume/wasm-port/CMakeFiles/CMakeTmp]
  ignore line: []
  ignore line: [Run Build Command:"/usr/bin/make" "cmTC_f4348/fast"]
  ignore line: [/usr/bin/make -f CMakeFiles/cmTC_f4348.dir/build.make CMakeFiles/cmTC_f4348.dir/build]
  ignore line: [make[1]: Entering directory '/root/StuntsMultiplayer/desmume-wasm/desmume/wasm-port/CMakeFiles/CMakeTmp']
  ignore line: [Building CXX object CMakeFiles/cmTC_f4348.dir/CMakeCXXCompilerABI.cpp.o]
  ignore line: [/root/StuntsMultiplayer/emsdk/upstream/emscripten/em++     -o CMakeFiles/cmTC_f4348.dir/CMakeCXXCompilerABI.cpp.o -c /usr/share/cmake-3.13/Modules/CMakeCXXCompilerABI.cpp]
  ignore line: [Linking CXX executable cmTC_f4348]
  ignore line: [/usr/bin/cmake -E cmake_link_script CMakeFiles/cmTC_f4348.dir/link.txt --verbose=1]
  ignore line: [/root/StuntsMultiplayer/emsdk/upstream/emscripten/em++      -v -rdynamic CMakeFiles/cmTC_f4348.dir/CMakeCXXCompilerABI.cpp.o  -o cmTC_f4348 ]
  link line: [ "/root/StuntsMultiplayer/emsdk/upstream/bin/wasm-ld" -o cmTC_f4348.wasm CMakeFiles/cmTC_f4348.dir/CMakeCXXCompilerABI.cpp.o -L/root/StuntsMultiplayer/emsdk/upstream/emscripten/cache/sysroot/lib/wasm32-emscripten -lGL -lal -lhtml5 -lstubs-debug -lnoexit -lc-debug -ldlmalloc -lcompiler_rt -lc++-noexcept -lc++abi-noexcept -lsockets -mllvm -combiner-global-alias-analysis=false -mllvm -enable-emscripten-sjlj -mllvm -disable-lsr --import-undefined --strip-debug --export-if-defined=main --export-if-defined=__start_em_asm --export-if-defined=__stop_em_asm --export-if-defined=__main_argc_argv --export-if-defined=fflush --export=emscripten_stack_get_end --export=emscripten_stack_get_free --export=emscripten_stack_get_base --export=emscripten_stack_init --export=stackSave --export=stackRestore --export=stackAlloc --export=__wasm_call_ctors --export=__errno_location --export-table -z stack-size=5242880 --initial-memory=16777216 --no-entry --max-memory=16777216 --global-base=1024]
    arg [/root/StuntsMultiplayer/emsdk/upstream/bin/wasm-ld] ==> ignore
    arg [-o] ==> ignore
    arg [cmTC_f4348.wasm] ==> ignore
    arg [CMakeFiles/cmTC_f4348.dir/CMakeCXXCompilerABI.cpp.o] ==> ignore
    arg [-L/root/StuntsMultiplayer/emsdk/upstream/emscripten/cache/sysroot/lib/wasm32-emscripten] ==> dir [/root/StuntsMultiplayer/emsdk/upstream/emscripten/cache/sysroot/lib/wasm32-emscripten]
    arg [-lGL] ==> lib [GL]
    arg [-lal] ==> lib [al]
    arg [-lhtml5] ==> lib [html5]
    arg [-lstubs-debug] ==> lib [stubs-debug]
    arg [-lnoexit] ==> lib [noexit]
    arg [-lc-debug] ==> lib [c-debug]
    arg [-ldlmalloc] ==> lib [dlmalloc]
    arg [-lcompiler_rt] ==> lib [compiler_rt]
    arg [-lc++-noexcept] ==> lib [c++-noexcept]
    arg [-lc++abi-noexcept] ==> lib [c++abi-noexcept]
    arg [-lsockets] ==> lib [sockets]
    arg [-mllvm] ==> ignore
    arg [-combiner-global-alias-analysis=false] ==> ignore
    arg [-mllvm] ==> ignore
    arg [-enable-emscripten-sjlj] ==> ignore
    arg [-mllvm] ==> ignore
    arg [-disable-lsr] ==> ignore
    arg [--import-undefined] ==> ignore
    arg [--strip-debug] ==> ignore
    arg [--export-if-defined=main] ==> ignore
    arg [--export-if-defined=__start_em_asm] ==> ignore
    arg [--export-if-defined=__stop_em_asm] ==> ignore
    arg [--export-if-defined=__main_argc_argv] ==> ignore
    arg [--export-if-defined=fflush] ==> ignore
    arg [--export=emscripten_stack_get_end] ==> ignore
    arg [--export=emscripten_stack_get_free] ==> ignore
    arg [--export=emscripten_stack_get_base] ==> ignore
    arg [--export=emscripten_stack_init] ==> ignore
    arg [--export=stackSave] ==> ignore
    arg [--export=stackRestore] ==> ignore
    arg [--export=stackAlloc] ==> ignore
    arg [--export=__wasm_call_ctors] ==> ignore
    arg [--export=__errno_location] ==> ignore
    arg [--export-table] ==> ignore
    arg [-zstack-size=5242880] ==> ignore
    arg [--initial-memory=16777216] ==> ignore
    arg [--no-entry] ==> ignore
    arg [--max-memory=16777216] ==> ignore
    arg [--global-base=1024] ==> ignore
  collapse library dir [/root/StuntsMultiplayer/emsdk/upstream/emscripten/cache/sysroot/lib/wasm32-emscripten] ==> [/root/StuntsMultiplayer/emsdk/upstream/emscripten/cache/sysroot/lib/wasm32-emscripten]
  implicit libs: [GL;al;html5;stubs-debug;noexit;c-debug;dlmalloc;compiler_rt;c++-noexcept;c++abi-noexcept;sockets]
  implicit dirs: [/root/StuntsMultiplayer/emsdk/upstream/emscripten/cache/sysroot/lib/wasm32-emscripten]
  implicit fwks: []




Detecting CXX [-std=c++2a] compiler features compiled with the following output:
Change Dir: /root/StuntsMultiplayer/desmume-wasm/desmume/wasm-port/CMakeFiles/CMakeTmp

Run Build Command:"/usr/bin/make" "cmTC_85ed5/fast"
/usr/bin/make -f CMakeFiles/cmTC_85ed5.dir/build.make CMakeFiles/cmTC_85ed5.dir/build
make[1]: Entering directory '/root/StuntsMultiplayer/desmume-wasm/desmume/wasm-port/CMakeFiles/CMakeTmp'
Building CXX object CMakeFiles/cmTC_85ed5.dir/feature_tests.cxx.o
/root/StuntsMultiplayer/emsdk/upstream/emscripten/em++    -std=c++2a -o CMakeFiles/cmTC_85ed5.dir/feature_tests.cxx.o -c /root/StuntsMultiplayer/desmume-wasm/desmume/wasm-port/CMakeFiles/feature_tests.cxx
Linking CXX executable cmTC_85ed5
/usr/bin/cmake -E cmake_link_script CMakeFiles/cmTC_85ed5.dir/link.txt --verbose=1
/root/StuntsMultiplayer/emsdk/upstream/emscripten/em++       -rdynamic CMakeFiles/cmTC_85ed5.dir/feature_tests.cxx.o  -o cmTC_85ed5 
make[1]: Leaving directory '/root/StuntsMultiplayer/desmume-wasm/desmume/wasm-port/CMakeFiles/CMakeTmp'




Detecting CXX [-std=c++17] compiler features compiled with the following output:
Change Dir: /root/StuntsMultiplayer/desmume-wasm/desmume/wasm-port/CMakeFiles/CMakeTmp

Run Build Command:"/usr/bin/make" "cmTC_50145/fast"
/usr/bin/make -f CMakeFiles/cmTC_50145.dir/build.make CMakeFiles/cmTC_50145.dir/build
make[1]: Entering directory '/root/StuntsMultiplayer/desmume-wasm/desmume/wasm-port/CMakeFiles/CMakeTmp'
Building CXX object CMakeFiles/cmTC_50145.dir/feature_tests.cxx.o
/root/StuntsMultiplayer/emsdk/upstream/emscripten/em++    -std=c++17 -o CMakeFiles/cmTC_50145.dir/feature_tests.cxx.o -c /root/StuntsMultiplayer/desmume-wasm/desmume/wasm-port/CMakeFiles/feature_tests.cxx
Linking CXX executable cmTC_50145
/usr/bin/cmake -E cmake_link_script CMakeFiles/cmTC_50145.dir/link.txt --verbose=1
/root/StuntsMultiplayer/emsdk/upstream/emscripten/em++       -rdynamic CMakeFiles/cmTC_50145.dir/feature_tests.cxx.o  -o cmTC_50145 
make[1]: Leaving directory '/root/StuntsMultiplayer/desmume-wasm/desmume/wasm-port/CMakeFiles/CMakeTmp'




Detecting CXX [-std=c++14] compiler features compiled with the following output:
Change Dir: /root/StuntsMultiplayer/desmume-wasm/desmume/wasm-port/CMakeFiles/CMakeTmp

Run Build Command:"/usr/bin/make" "cmTC_6f729/fast"
/usr/bin/make -f CMakeFiles/cmTC_6f729.dir/build.make CMakeFiles/cmTC_6f729.dir/build
make[1]: Entering directory '/root/StuntsMultiplayer/desmume-wasm/desmume/wasm-port/CMakeFiles/CMakeTmp'
Building CXX object CMakeFiles/cmTC_6f729.dir/feature_tests.cxx.o
/root/StuntsMultiplayer/emsdk/upstream/emscripten/em++    -std=c++14 -o CMakeFiles/cmTC_6f729.dir/feature_tests.cxx.o -c /root/StuntsMultiplayer/desmume-wasm/desmume/wasm-port/CMakeFiles/feature_tests.cxx
Linking CXX executable cmTC_6f729
/usr/bin/cmake -E cmake_link_script CMakeFiles/cmTC_6f729.dir/link.txt --verbose=1
/root/StuntsMultiplayer/emsdk/upstream/emscripten/em++       -rdynamic CMakeFiles/cmTC_6f729.dir/feature_tests.cxx.o  -o cmTC_6f729 
make[1]: Leaving directory '/root/StuntsMultiplayer/desmume-wasm/desmume/wasm-port/CMakeFiles/CMakeTmp'




Detecting CXX [-std=c++11] compiler features compiled with the following output:
Change Dir: /root/StuntsMultiplayer/desmume-wasm/desmume/wasm-port/CMakeFiles/CMakeTmp

Run Build Command:"/usr/bin/make" "cmTC_8737e/fast"
/usr/bin/make -f CMakeFiles/cmTC_8737e.dir/build.make CMakeFiles/cmTC_8737e.dir/build
make[1]: Entering directory '/root/StuntsMultiplayer/desmume-wasm/desmume/wasm-port/CMakeFiles/CMakeTmp'
Building CXX object CMakeFiles/cmTC_8737e.dir/feature_tests.cxx.o
/root/StuntsMultiplayer/emsdk/upstream/emscripten/em++    -std=c++11 -o CMakeFiles/cmTC_8737e.dir/feature_tests.cxx.o -c /root/StuntsMultiplayer/desmume-wasm/desmume/wasm-port/CMakeFiles/feature_tests.cxx
Linking CXX executable cmTC_8737e
/usr/bin/cmake -E cmake_link_script CMakeFiles/cmTC_8737e.dir/link.txt --verbose=1
/root/StuntsMultiplayer/emsdk/upstream/emscripten/em++       -rdynamic CMakeFiles/cmTC_8737e.dir/feature_tests.cxx.o  -o cmTC_8737e 
make[1]: Leaving directory '/root/StuntsMultiplayer/desmume-wasm/desmume/wasm-port/CMakeFiles/CMakeTmp'




Detecting CXX [-std=c++98] compiler features compiled with the following output:
Change Dir: /root/StuntsMultiplayer/desmume-wasm/desmume/wasm-port/CMakeFiles/CMakeTmp

Run Build Command:"/usr/bin/make" "cmTC_2c72c/fast"
/usr/bin/make -f CMakeFiles/cmTC_2c72c.dir/build.make CMakeFiles/cmTC_2c72c.dir/build
make[1]: Entering directory '/root/StuntsMultiplayer/desmume-wasm/desmume/wasm-port/CMakeFiles/CMakeTmp'
Building CXX object CMakeFiles/cmTC_2c72c.dir/feature_tests.cxx.o
/root/StuntsMultiplayer/emsdk/upstream/emscripten/em++    -std=c++98 -o CMakeFiles/cmTC_2c72c.dir/feature_tests.cxx.o -c /root/StuntsMultiplayer/desmume-wasm/desmume/wasm-port/CMakeFiles/feature_tests.cxx
Linking CXX executable cmTC_2c72c
/usr/bin/cmake -E cmake_link_script CMakeFiles/cmTC_2c72c.dir/link.txt --verbose=1
/root/StuntsMultiplayer/emsdk/upstream/emscripten/em++       -rdynamic CMakeFiles/cmTC_2c72c.dir/feature_tests.cxx.o  -o cmTC_2c72c 
make[1]: Leaving directory '/root/StuntsMultiplayer/desmume-wasm/desmume/wasm-port/CMakeFiles/CMakeTmp'


